mode: atomic
github.com/coding-ia/terraform-provider-download/internal/provider/download_file_data_source.go:25.56,27.2 1 174
github.com/coding-ia/terraform-provider-download/internal/provider/download_file_data_source.go:43.139,45.2 1 36
github.com/coding-ia/terraform-provider-download/internal/provider/download_file_data_source.go:47.133,97.2 1 88
github.com/coding-ia/terraform-provider-download/internal/provider/download_file_data_source.go:99.127,104.37 3 16
github.com/coding-ia/terraform-provider-download/internal/provider/download_file_data_source.go:104.37,106.3 1 0
github.com/coding-ia/terraform-provider-download/internal/provider/download_file_data_source.go:108.2,108.34 1 16
github.com/coding-ia/terraform-provider-download/internal/provider/download_file_data_source.go:108.34,111.3 2 1
github.com/coding-ia/terraform-provider-download/internal/provider/download_file_data_source.go:113.2,114.16 2 15
github.com/coding-ia/terraform-provider-download/internal/provider/download_file_data_source.go:114.16,117.3 2 2
github.com/coding-ia/terraform-provider-download/internal/provider/download_file_data_source.go:119.2,120.16 2 13
github.com/coding-ia/terraform-provider-download/internal/provider/download_file_data_source.go:120.16,123.3 2 0
github.com/coding-ia/terraform-provider-download/internal/provider/download_file_data_source.go:125.2,128.16 3 13
github.com/coding-ia/terraform-provider-download/internal/provider/download_file_data_source.go:128.16,131.3 2 0
github.com/coding-ia/terraform-provider-download/internal/provider/download_file_data_source.go:133.2,134.16 2 13
github.com/coding-ia/terraform-provider-download/internal/provider/download_file_data_source.go:134.16,137.3 2 3
github.com/coding-ia/terraform-provider-download/internal/provider/download_file_data_source.go:139.2,139.64 1 10
github.com/coding-ia/terraform-provider-download/internal/provider/download_file_data_source.go:142.54,144.16 2 15
github.com/coding-ia/terraform-provider-download/internal/provider/download_file_data_source.go:144.16,146.3 1 0
github.com/coding-ia/terraform-provider-download/internal/provider/download_file_data_source.go:148.2,150.38 2 15
github.com/coding-ia/terraform-provider-download/internal/provider/download_file_data_source.go:150.38,152.3 1 1
github.com/coding-ia/terraform-provider-download/internal/provider/download_file_data_source.go:154.2,155.16 2 14
github.com/coding-ia/terraform-provider-download/internal/provider/download_file_data_source.go:155.16,157.3 1 1
github.com/coding-ia/terraform-provider-download/internal/provider/download_file_data_source.go:158.2,161.12 3 13
github.com/coding-ia/terraform-provider-download/internal/provider/download_file_data_source.go:164.76,166.16 2 13
github.com/coding-ia/terraform-provider-download/internal/provider/download_file_data_source.go:166.16,168.3 1 0
github.com/coding-ia/terraform-provider-download/internal/provider/download_file_data_source.go:170.2,190.12 17 13
github.com/coding-ia/terraform-provider-download/internal/provider/download_file_data_source.go:193.62,194.33 1 13
github.com/coding-ia/terraform-provider-download/internal/provider/download_file_data_source.go:194.33,195.67 1 6
github.com/coding-ia/terraform-provider-download/internal/provider/download_file_data_source.go:195.67,197.4 1 1
github.com/coding-ia/terraform-provider-download/internal/provider/download_file_data_source.go:200.2,200.30 1 12
github.com/coding-ia/terraform-provider-download/internal/provider/download_file_data_source.go:200.30,201.61 1 6
github.com/coding-ia/terraform-provider-download/internal/provider/download_file_data_source.go:201.61,203.4 1 1
github.com/coding-ia/terraform-provider-download/internal/provider/download_file_data_source.go:206.2,206.30 1 11
github.com/coding-ia/terraform-provider-download/internal/provider/download_file_data_source.go:206.30,207.61 1 6
github.com/coding-ia/terraform-provider-download/internal/provider/download_file_data_source.go:207.61,209.4 1 1
github.com/coding-ia/terraform-provider-download/internal/provider/download_file_data_source.go:212.2,212.12 1 10
github.com/coding-ia/terraform-provider-download/internal/provider/provider.go:17.129,20.2 2 70
github.com/coding-ia/terraform-provider-download/internal/provider/provider.go:22.123,26.2 1 36
github.com/coding-ia/terraform-provider-download/internal/provider/provider.go:28.133,29.2 0 16
github.com/coding-ia/terraform-provider-download/internal/provider/provider.go:31.92,35.2 1 36
github.com/coding-ia/terraform-provider-download/internal/provider/provider.go:37.86,39.2 1 36
github.com/coding-ia/terraform-provider-download/internal/provider/provider.go:41.51,42.34 1 1
github.com/coding-ia/terraform-provider-download/internal/provider/provider.go:42.34,46.3 1 1
