mode: atomic
terraform-provider-download/internal/provider/download_file_data_source.go:25.56,27.2 1 154
terraform-provider-download/internal/provider/download_file_data_source.go:43.139,45.2 1 32
terraform-provider-download/internal/provider/download_file_data_source.go:47.133,97.2 1 78
terraform-provider-download/internal/provider/download_file_data_source.go:99.127,104.37 3 14
terraform-provider-download/internal/provider/download_file_data_source.go:104.37,106.3 1 0
terraform-provider-download/internal/provider/download_file_data_source.go:108.2,109.16 2 14
terraform-provider-download/internal/provider/download_file_data_source.go:109.16,112.3 2 1
terraform-provider-download/internal/provider/download_file_data_source.go:114.2,115.16 2 13
terraform-provider-download/internal/provider/download_file_data_source.go:115.16,118.3 2 0
terraform-provider-download/internal/provider/download_file_data_source.go:120.2,123.16 3 13
terraform-provider-download/internal/provider/download_file_data_source.go:123.16,126.3 2 0
terraform-provider-download/internal/provider/download_file_data_source.go:128.2,129.16 2 13
terraform-provider-download/internal/provider/download_file_data_source.go:129.16,132.3 2 3
terraform-provider-download/internal/provider/download_file_data_source.go:134.2,134.64 1 10
terraform-provider-download/internal/provider/download_file_data_source.go:137.54,139.16 2 14
terraform-provider-download/internal/provider/download_file_data_source.go:139.16,141.3 1 0
terraform-provider-download/internal/provider/download_file_data_source.go:143.2,145.38 2 14
terraform-provider-download/internal/provider/download_file_data_source.go:145.38,147.3 1 1
terraform-provider-download/internal/provider/download_file_data_source.go:149.2,150.16 2 13
terraform-provider-download/internal/provider/download_file_data_source.go:150.16,152.3 1 0
terraform-provider-download/internal/provider/download_file_data_source.go:153.2,156.12 3 13
terraform-provider-download/internal/provider/download_file_data_source.go:159.76,161.16 2 13
terraform-provider-download/internal/provider/download_file_data_source.go:161.16,163.3 1 0
terraform-provider-download/internal/provider/download_file_data_source.go:165.2,185.12 17 13
terraform-provider-download/internal/provider/download_file_data_source.go:188.62,189.33 1 13
terraform-provider-download/internal/provider/download_file_data_source.go:189.33,190.67 1 6
terraform-provider-download/internal/provider/download_file_data_source.go:190.67,192.4 1 1
terraform-provider-download/internal/provider/download_file_data_source.go:195.2,195.30 1 12
terraform-provider-download/internal/provider/download_file_data_source.go:195.30,196.61 1 6
terraform-provider-download/internal/provider/download_file_data_source.go:196.61,198.4 1 1
terraform-provider-download/internal/provider/download_file_data_source.go:201.2,201.30 1 11
terraform-provider-download/internal/provider/download_file_data_source.go:201.30,202.61 1 6
terraform-provider-download/internal/provider/download_file_data_source.go:202.61,204.4 1 1
terraform-provider-download/internal/provider/download_file_data_source.go:207.2,207.12 1 10
terraform-provider-download/internal/provider/provider.go:17.129,20.2 2 62
terraform-provider-download/internal/provider/provider.go:22.123,26.2 1 32
terraform-provider-download/internal/provider/provider.go:28.133,29.2 0 14
terraform-provider-download/internal/provider/provider.go:31.92,35.2 1 32
terraform-provider-download/internal/provider/provider.go:37.86,39.2 1 32
terraform-provider-download/internal/provider/provider.go:41.51,42.34 1 1
terraform-provider-download/internal/provider/provider.go:42.34,46.3 1 1
